c:\data\koulu\oppari\vs\openglthesis\openglthesis\debug\vc140.pdb
c:\data\koulu\oppari\vs\openglthesis\openglthesis\debug\vc140.idb
c:\data\koulu\oppari\vs\openglthesis\openglthesis\debug\main.obj
c:\data\koulu\oppari\vs\openglthesis\debug\openglthesis.pdb
c:\data\koulu\oppari\vs\openglthesis\openglthesis\debug\openglthesis.tlog\cl.command.1.tlog
c:\data\koulu\oppari\vs\openglthesis\openglthesis\debug\openglthesis.tlog\cl.read.1.tlog
c:\data\koulu\oppari\vs\openglthesis\openglthesis\debug\openglthesis.tlog\cl.write.1.tlog
c:\data\koulu\oppari\vs\openglthesis\openglthesis\debug\openglthesis.tlog\link-cvtres.read.1.tlog
c:\data\koulu\oppari\vs\openglthesis\openglthesis\debug\openglthesis.tlog\link-cvtres.write.1.tlog
c:\data\koulu\oppari\vs\openglthesis\openglthesis\debug\openglthesis.tlog\link-rc.read.1.tlog
c:\data\koulu\oppari\vs\openglthesis\openglthesis\debug\openglthesis.tlog\link-rc.write.1.tlog
c:\data\koulu\oppari\vs\openglthesis\openglthesis\debug\openglthesis.tlog\link.2528-cvtres.read.1.tlog
c:\data\koulu\oppari\vs\openglthesis\openglthesis\debug\openglthesis.tlog\link.2528-cvtres.write.1.tlog
c:\data\koulu\oppari\vs\openglthesis\openglthesis\debug\openglthesis.tlog\link.2528-rc.read.1.tlog
c:\data\koulu\oppari\vs\openglthesis\openglthesis\debug\openglthesis.tlog\link.2528-rc.write.1.tlog
c:\data\koulu\oppari\vs\openglthesis\openglthesis\debug\openglthesis.tlog\link.2528.read.1.tlog
c:\data\koulu\oppari\vs\openglthesis\openglthesis\debug\openglthesis.tlog\link.2528.write.1.tlog
c:\data\koulu\oppari\vs\openglthesis\openglthesis\debug\openglthesis.tlog\link.command.1.tlog
c:\data\koulu\oppari\vs\openglthesis\openglthesis\debug\openglthesis.tlog\link.read.1.tlog
c:\data\koulu\oppari\vs\openglthesis\openglthesis\debug\openglthesis.tlog\link.write.1.tlog
